  main.c
c:\users\ljy28\desktop\学业\dip code\3180103570卢佳盈hw3\project3\project3\main.c(30): warning C4101: “file_temp”: 未引用的局部变量
c:\users\ljy28\desktop\学业\dip code\3180103570卢佳盈hw3\project3\project3\main.c(60): warning C4566: 由通用字符名称“\uFF1B”表示的字符不能在当前代码页(1252)中表示出来
c:\users\ljy28\desktop\学业\dip code\3180103570卢佳盈hw3\project3\project3\main.c(60): warning C4566: 由通用字符名称“\u2032”表示的字符不能在当前代码页(1252)中表示出来
c:\users\ljy28\desktop\学业\dip code\3180103570卢佳盈hw3\project3\project3\main.c(60): warning C4566: 由通用字符名称“\u2312”表示的字符不能在当前代码页(1252)中表示出来
c:\users\ljy28\desktop\学业\dip code\3180103570卢佳盈hw3\project3\project3\main.c(68): warning C4566: 由通用字符名称“\uFF1B”表示的字符不能在当前代码页(1252)中表示出来
c:\users\ljy28\desktop\学业\dip code\3180103570卢佳盈hw3\project3\project3\main.c(68): warning C4566: 由通用字符名称“\u2032”表示的字符不能在当前代码页(1252)中表示出来
c:\users\ljy28\desktop\学业\dip code\3180103570卢佳盈hw3\project3\project3\main.c(68): warning C4566: 由通用字符名称“\u2312”表示的字符不能在当前代码页(1252)中表示出来
c:\users\ljy28\desktop\学业\dip code\3180103570卢佳盈hw3\project3\project3\main.c(58): warning C4996: 'fopen': This function or variable may be unsafe. Consider using fopen_s instead. To disable deprecation, use _CRT_SECURE_NO_WARNINGS. See online help for details.
  c:\program files (x86)\windows kits\10\include\10.0.17763.0\ucrt\stdio.h(208): note: 参见“fopen”的声明
c:\users\ljy28\desktop\学业\dip code\3180103570卢佳盈hw3\project3\project3\main.c(96): warning C4566: 由通用字符名称“\uFF1B”表示的字符不能在当前代码页(1252)中表示出来
c:\users\ljy28\desktop\学业\dip code\3180103570卢佳盈hw3\project3\project3\main.c(96): warning C4566: 由通用字符名称“\u2032”表示的字符不能在当前代码页(1252)中表示出来
c:\users\ljy28\desktop\学业\dip code\3180103570卢佳盈hw3\project3\project3\main.c(96): warning C4566: 由通用字符名称“\u2312”表示的字符不能在当前代码页(1252)中表示出来
c:\users\ljy28\desktop\学业\dip code\3180103570卢佳盈hw3\project3\project3\main.c(94): warning C4996: 'fopen': This function or variable may be unsafe. Consider using fopen_s instead. To disable deprecation, use _CRT_SECURE_NO_WARNINGS. See online help for details.
  c:\program files (x86)\windows kits\10\include\10.0.17763.0\ucrt\stdio.h(208): note: 参见“fopen”的声明
c:\users\ljy28\desktop\学业\dip code\3180103570卢佳盈hw3\project3\project3\main.c(141): warning C4244: “=”: 从“double”转换到“unsigned char”，可能丢失数据
c:\users\ljy28\desktop\学业\dip code\3180103570卢佳盈hw3\project3\project3\main.c(142): warning C4244: “=”: 从“double”转换到“unsigned char”，可能丢失数据
c:\users\ljy28\desktop\学业\dip code\3180103570卢佳盈hw3\project3\project3\main.c(143): warning C4244: “=”: 从“double”转换到“unsigned char”，可能丢失数据
c:\users\ljy28\desktop\学业\dip code\3180103570卢佳盈hw3\project3\project3\main.c(152): warning C4244: “=”: 从“double”转换到“unsigned char”，可能丢失数据
c:\users\ljy28\desktop\学业\dip code\3180103570卢佳盈hw3\project3\project3\main.c(153): warning C4244: “=”: 从“double”转换到“unsigned char”，可能丢失数据
c:\users\ljy28\desktop\学业\dip code\3180103570卢佳盈hw3\project3\project3\main.c(154): warning C4244: “=”: 从“double”转换到“unsigned char”，可能丢失数据
c:\users\ljy28\desktop\学业\dip code\3180103570卢佳盈hw3\project3\project3\main.c(188): warning C4244: “=”: 从“double”转换到“unsigned char”，可能丢失数据
c:\users\ljy28\desktop\学业\dip code\3180103570卢佳盈hw3\project3\project3\main.c(196): warning C4244: “初始化”: 从“double”转换到“long”，可能丢失数据
c:\users\ljy28\desktop\学业\dip code\3180103570卢佳盈hw3\project3\project3\main.c(246): warning C4244: “初始化”: 从“double”转换到“long”，可能丢失数据
c:\users\ljy28\desktop\学业\dip code\3180103570卢佳盈hw3\project3\project3\main.c(292): warning C4244: “初始化”: 从“double”转换到“long”，可能丢失数据
c:\users\ljy28\desktop\学业\dip code\3180103570卢佳盈hw3\project3\project3\main.c(338): warning C4244: “初始化”: 从“double”转换到“long”，可能丢失数据
  Project3.vcxproj -> C:\Users\ljy28\Desktop\学业\dip code\3180103570卢佳盈hw3\Project3\Debug\Project3.exe
